This file contains any messages produced by compilers while
running configure, to aid debugging if configure makes a mistake.

It was created by configure, which was
generated by GNU Autoconf 2.69.  Invocation command line was

  $ ./configure --prefix=/tgac/software/testing/exonerate/2.2.0-parallel/x86_64/intel/O3-vec-debug/ --quiet

## --------- ##
## Platform. ##
## --------- ##

hostname = v0267
uname -m = x86_64
uname -r = 2.6.32-431.el6.x86_64
uname -s = Linux
uname -v = #1 SMP Fri Nov 22 03:15:09 UTC 2013

/usr/bin/uname -p = unknown
/bin/uname -X     = unknown

/bin/arch              = x86_64
/usr/bin/arch -k       = unknown
/usr/convex/getsysinfo = unknown
/usr/bin/hostinfo      = unknown
/bin/machine           = unknown
/usr/bin/oslevel       = unknown
/bin/universe          = unknown

PATH: /tgac/software/testing/libraries/glib/2.40.0/x86_64/bin
PATH: /tgac/software/production/intel_studio/2013.3.sp1/x86_64/composer_xe_2013_sp1.3.174/bin/intel64
PATH: /tgac/software/production/intel_studio/2013.3.sp1/x86_64/composer_xe_2013_sp1.3.174/mpirt/bin/intel64
PATH: /tgac/software/production/intel_studio/2013.3.sp1/x86_64/composer_xe_2013_sp1.3.174/debugger/gdb/intel64_mic/py26/bin
PATH: /tgac/software/production/intel_studio/2013.3.sp1/x86_64/composer_xe_2013_sp1.3.174/debugger/gdb/intel64/py26/bin
PATH: /tgac/software/production/intel_studio/2013.3.sp1/x86_64/composer_xe_2013_sp1.3.174/bin/intel64
PATH: /tgac/software/production/intel_studio/2013.3.sp1/x86_64/composer_xe_2013_sp1.3.174/bin/intel64_mic
PATH: /tgac/software/production/intel_studio/2013.3.sp1/x86_64/composer_xe_2013_sp1.3.174/debugger/gui/intel64
PATH: /tgac/software/production/bin/core/../..//intel_studio/2013.3.sp1/x86_64/bin
PATH: /tgac/software/testing/bin/core/../..//valgrind/3.8.1/x86_64/bin
PATH: /tgac/software/testing/bin/core/../..//jemalloc/3.6.0/x86_64/bin
PATH: /tgac/software/testing/bin/core/../..//hpccore/5/x86_64/bin
PATH: /usr/local/bin
PATH: /bin
PATH: /usr/bin
PATH: /usr/local/sbin
PATH: /usr/sbin
PATH: /sbin
PATH: /tgac/software/testing/bin
PATH: /tgac/software/testing/libraries/bin
PATH: /tgac/software/production/bin
PATH: /tgac/software/production/libraries/bin


## ----------- ##
## Core tests. ##
## ----------- ##

configure:2123: checking for a BSD-compatible install
configure:2191: result: /usr/bin/install -c
configure:2202: checking whether build environment is sane
configure:2257: result: yes
configure:2295: WARNING: 'missing' script is too old or missing
configure:2408: checking for a thread-safe mkdir -p
configure:2447: result: /bin/mkdir -p
configure:2454: checking for gawk
configure:2470: found /bin/gawk
configure:2481: result: gawk
configure:2492: checking whether make sets $(MAKE)
configure:2514: result: yes
configure:2543: checking whether make supports nested variables
configure:2560: result: yes
configure:2688: checking for gcc
configure:2715: result: icc
configure:2944: checking for C compiler version
configure:2953: icc --version >&5
icc (ICC) 14.0.3 20140422
Copyright (C) 1985-2014 Intel Corporation.  All rights reserved.

configure:2964: $? = 0
configure:2953: icc -v >&5
icc version 14.0.3 (gcc version 4.4.6 compatibility)
configure:2964: $? = 0
configure:2953: icc -V >&5
Intel(R) C Intel(R) 64 Compiler XE for applications running on Intel(R) 64, Version 14.0.3.174 Build 20140422
Copyright (C) 1985-2014 Intel Corporation.  All rights reserved.

configure:2964: $? = 0
configure:2953: icc -qversion >&5
icc: command line warning #10006: ignoring unknown option '-qversion'
icc: command line error: no files specified; for help type "icc -help"
configure:2964: $? = 1
configure:2984: checking whether the C compiler works
configure:3006: icc  -g -lirc -liomp5 -limf -lsvml -lpthread -cxxlib=/tgac/software/testing/gcc/4.8.4/x86_64/ -fabi-version=2 -gcc-name=./gcc -gxx-name=./g++ -O3 -vec-report=5 -axCORE-AVX2 -opt-report=3 -opt-report-file=./report.rpt -I/tgac/software/testing/bin/core/../..//jemalloc/3.6.0/x86_64/include -I/tgac/software/testing/bin/core/../..//hpccore/5/x86_64/include  -L/tgac/software/testing/bin/core/../..//jemalloc/3.6.0/x86_64/include -L/tgac/software/testing/bin/core/../..//hpccore/5/x86_64/include  -lirc -liomp5 -limf -lsvml -lpthread conftest.c  >&5
configure:3010: $? = 0
configure:3058: result: yes
configure:3061: checking for C compiler default output file name
configure:3063: result: a.out
configure:3069: checking for suffix of executables
configure:3076: icc -o conftest  -g -lirc -liomp5 -limf -lsvml -lpthread -cxxlib=/tgac/software/testing/gcc/4.8.4/x86_64/ -fabi-version=2 -gcc-name=./gcc -gxx-name=./g++ -O3 -vec-report=5 -axCORE-AVX2 -opt-report=3 -opt-report-file=./report.rpt -I/tgac/software/testing/bin/core/../..//jemalloc/3.6.0/x86_64/include -I/tgac/software/testing/bin/core/../..//hpccore/5/x86_64/include  -L/tgac/software/testing/bin/core/../..//jemalloc/3.6.0/x86_64/include -L/tgac/software/testing/bin/core/../..//hpccore/5/x86_64/include  -lirc -liomp5 -limf -lsvml -lpthread conftest.c  >&5
configure:3080: $? = 0
configure:3102: result: 
configure:3124: checking whether we are cross compiling
configure:3132: icc -o conftest  -g -lirc -liomp5 -limf -lsvml -lpthread -cxxlib=/tgac/software/testing/gcc/4.8.4/x86_64/ -fabi-version=2 -gcc-name=./gcc -gxx-name=./g++ -O3 -vec-report=5 -axCORE-AVX2 -opt-report=3 -opt-report-file=./report.rpt -I/tgac/software/testing/bin/core/../..//jemalloc/3.6.0/x86_64/include -I/tgac/software/testing/bin/core/../..//hpccore/5/x86_64/include  -L/tgac/software/testing/bin/core/../..//jemalloc/3.6.0/x86_64/include -L/tgac/software/testing/bin/core/../..//hpccore/5/x86_64/include  -lirc -liomp5 -limf -lsvml -lpthread conftest.c  >&5
configure:3136: $? = 0
configure:3143: ./conftest
configure:3147: $? = 0
configure:3162: result: no
configure:3167: checking for suffix of object files
configure:3189: icc -c  -g -lirc -liomp5 -limf -lsvml -lpthread -cxxlib=/tgac/software/testing/gcc/4.8.4/x86_64/ -fabi-version=2 -gcc-name=./gcc -gxx-name=./g++ -O3 -vec-report=5 -axCORE-AVX2 -opt-report=3 -opt-report-file=./report.rpt -I/tgac/software/testing/bin/core/../..//jemalloc/3.6.0/x86_64/include -I/tgac/software/testing/bin/core/../..//hpccore/5/x86_64/include  conftest.c >&5
configure:3193: $? = 0
configure:3214: result: o
configure:3218: checking whether we are using the GNU C compiler
configure:3237: icc -c  -g -lirc -liomp5 -limf -lsvml -lpthread -cxxlib=/tgac/software/testing/gcc/4.8.4/x86_64/ -fabi-version=2 -gcc-name=./gcc -gxx-name=./g++ -O3 -vec-report=5 -axCORE-AVX2 -opt-report=3 -opt-report-file=./report.rpt -I/tgac/software/testing/bin/core/../..//jemalloc/3.6.0/x86_64/include -I/tgac/software/testing/bin/core/../..//hpccore/5/x86_64/include  conftest.c >&5
configure:3237: $? = 0
configure:3246: result: yes
configure:3255: checking whether icc accepts -g
configure:3275: icc -c -g -I/tgac/software/testing/bin/core/../..//jemalloc/3.6.0/x86_64/include -I/tgac/software/testing/bin/core/../..//hpccore/5/x86_64/include  conftest.c >&5
configure:3275: $? = 0
configure:3316: result: yes
configure:3333: checking for icc option to accept ISO C89
configure:3396: icc  -c  -g -lirc -liomp5 -limf -lsvml -lpthread -cxxlib=/tgac/software/testing/gcc/4.8.4/x86_64/ -fabi-version=2 -gcc-name=./gcc -gxx-name=./g++ -O3 -vec-report=5 -axCORE-AVX2 -opt-report=3 -opt-report-file=./report.rpt -I/tgac/software/testing/bin/core/../..//jemalloc/3.6.0/x86_64/include -I/tgac/software/testing/bin/core/../..//hpccore/5/x86_64/include  conftest.c >&5
configure:3396: $? = 0
configure:3409: result: none needed
configure:3440: checking for style of include used by make
configure:3468: result: GNU
configure:3494: checking dependency style of icc
configure:3605: result: gcc3
configure:3621: checking whether make sets $(MAKE)
configure:3643: result: yes
configure:3656: checking for an ANSI C-conforming const
configure:3722: icc -c  -g -lirc -liomp5 -limf -lsvml -lpthread -cxxlib=/tgac/software/testing/gcc/4.8.4/x86_64/ -fabi-version=2 -gcc-name=./gcc -gxx-name=./g++ -O3 -vec-report=5 -axCORE-AVX2 -opt-report=3 -opt-report-file=./report.rpt -I/tgac/software/testing/bin/core/../..//jemalloc/3.6.0/x86_64/include -I/tgac/software/testing/bin/core/../..//hpccore/5/x86_64/include  conftest.c >&5
configure:3722: $? = 0
configure:3729: result: yes
configure:3737: checking for inline
configure:3753: icc -c  -g -lirc -liomp5 -limf -lsvml -lpthread -cxxlib=/tgac/software/testing/gcc/4.8.4/x86_64/ -fabi-version=2 -gcc-name=./gcc -gxx-name=./g++ -O3 -vec-report=5 -axCORE-AVX2 -opt-report=3 -opt-report-file=./report.rpt -I/tgac/software/testing/bin/core/../..//jemalloc/3.6.0/x86_64/include -I/tgac/software/testing/bin/core/../..//hpccore/5/x86_64/include  conftest.c >&5
configure:3753: $? = 0
configure:3761: result: inline
configure:3784: checking how to run the C preprocessor
configure:3854: result: icc -E
configure:3874: icc -E -I/tgac/software/testing/bin/core/../..//jemalloc/3.6.0/x86_64/include -I/tgac/software/testing/bin/core/../..//hpccore/5/x86_64/include  conftest.c
configure:3874: $? = 0
configure:3888: icc -E -I/tgac/software/testing/bin/core/../..//jemalloc/3.6.0/x86_64/include -I/tgac/software/testing/bin/core/../..//hpccore/5/x86_64/include  conftest.c
conftest.c(11): error #2379: cannot open source file "ac_nonexistent.h"
  #include <ac_nonexistent.h>
                             ^

configure:3888: $? = 2
configure: failed program was:
| /* confdefs.h */
| #define PACKAGE_NAME ""
| #define PACKAGE_TARNAME ""
| #define PACKAGE_VERSION ""
| #define PACKAGE_STRING ""
| #define PACKAGE_BUGREPORT ""
| #define PACKAGE_URL ""
| #define PACKAGE "exonerate"
| #define VERSION "2.2.0"
| /* end confdefs.h.  */
| #include <ac_nonexistent.h>
configure:3917: checking for grep that handles long lines and -e
configure:3975: result: /bin/grep
configure:3980: checking for egrep
configure:4042: result: /bin/grep -E
configure:4047: checking for ANSI C header files
configure:4067: icc -c  -g -lirc -liomp5 -limf -lsvml -lpthread -cxxlib=/tgac/software/testing/gcc/4.8.4/x86_64/ -fabi-version=2 -gcc-name=./gcc -gxx-name=./g++ -O3 -vec-report=5 -axCORE-AVX2 -opt-report=3 -opt-report-file=./report.rpt -I/tgac/software/testing/bin/core/../..//jemalloc/3.6.0/x86_64/include -I/tgac/software/testing/bin/core/../..//hpccore/5/x86_64/include  conftest.c >&5
configure:4067: $? = 0
configure:4140: icc -o conftest  -g -lirc -liomp5 -limf -lsvml -lpthread -cxxlib=/tgac/software/testing/gcc/4.8.4/x86_64/ -fabi-version=2 -gcc-name=./gcc -gxx-name=./g++ -O3 -vec-report=5 -axCORE-AVX2 -opt-report=3 -opt-report-file=./report.rpt -I/tgac/software/testing/bin/core/../..//jemalloc/3.6.0/x86_64/include -I/tgac/software/testing/bin/core/../..//hpccore/5/x86_64/include  -L/tgac/software/testing/bin/core/../..//jemalloc/3.6.0/x86_64/include -L/tgac/software/testing/bin/core/../..//hpccore/5/x86_64/include  -lirc -liomp5 -limf -lsvml -lpthread conftest.c  >&5
conftest.c(26): (col. 3) remark: loop was not vectorized: nonstandard loop is not a vectorization candidate
configure:4140: $? = 0
configure:4140: ./conftest
configure:4140: $? = 0
configure:4151: result: yes
configure:4164: checking for sys/types.h
configure:4164: icc -c  -g -lirc -liomp5 -limf -lsvml -lpthread -cxxlib=/tgac/software/testing/gcc/4.8.4/x86_64/ -fabi-version=2 -gcc-name=./gcc -gxx-name=./g++ -O3 -vec-report=5 -axCORE-AVX2 -opt-report=3 -opt-report-file=./report.rpt -I/tgac/software/testing/bin/core/../..//jemalloc/3.6.0/x86_64/include -I/tgac/software/testing/bin/core/../..//hpccore/5/x86_64/include  conftest.c >&5
configure:4164: $? = 0
configure:4164: result: yes
configure:4164: checking for sys/stat.h
configure:4164: icc -c  -g -lirc -liomp5 -limf -lsvml -lpthread -cxxlib=/tgac/software/testing/gcc/4.8.4/x86_64/ -fabi-version=2 -gcc-name=./gcc -gxx-name=./g++ -O3 -vec-report=5 -axCORE-AVX2 -opt-report=3 -opt-report-file=./report.rpt -I/tgac/software/testing/bin/core/../..//jemalloc/3.6.0/x86_64/include -I/tgac/software/testing/bin/core/../..//hpccore/5/x86_64/include  conftest.c >&5
configure:4164: $? = 0
configure:4164: result: yes
configure:4164: checking for stdlib.h
configure:4164: icc -c  -g -lirc -liomp5 -limf -lsvml -lpthread -cxxlib=/tgac/software/testing/gcc/4.8.4/x86_64/ -fabi-version=2 -gcc-name=./gcc -gxx-name=./g++ -O3 -vec-report=5 -axCORE-AVX2 -opt-report=3 -opt-report-file=./report.rpt -I/tgac/software/testing/bin/core/../..//jemalloc/3.6.0/x86_64/include -I/tgac/software/testing/bin/core/../..//hpccore/5/x86_64/include  conftest.c >&5
configure:4164: $? = 0
configure:4164: result: yes
configure:4164: checking for string.h
configure:4164: icc -c  -g -lirc -liomp5 -limf -lsvml -lpthread -cxxlib=/tgac/software/testing/gcc/4.8.4/x86_64/ -fabi-version=2 -gcc-name=./gcc -gxx-name=./g++ -O3 -vec-report=5 -axCORE-AVX2 -opt-report=3 -opt-report-file=./report.rpt -I/tgac/software/testing/bin/core/../..//jemalloc/3.6.0/x86_64/include -I/tgac/software/testing/bin/core/../..//hpccore/5/x86_64/include  conftest.c >&5
configure:4164: $? = 0
configure:4164: result: yes
configure:4164: checking for memory.h
configure:4164: icc -c  -g -lirc -liomp5 -limf -lsvml -lpthread -cxxlib=/tgac/software/testing/gcc/4.8.4/x86_64/ -fabi-version=2 -gcc-name=./gcc -gxx-name=./g++ -O3 -vec-report=5 -axCORE-AVX2 -opt-report=3 -opt-report-file=./report.rpt -I/tgac/software/testing/bin/core/../..//jemalloc/3.6.0/x86_64/include -I/tgac/software/testing/bin/core/../..//hpccore/5/x86_64/include  conftest.c >&5
configure:4164: $? = 0
configure:4164: result: yes
configure:4164: checking for strings.h
configure:4164: icc -c  -g -lirc -liomp5 -limf -lsvml -lpthread -cxxlib=/tgac/software/testing/gcc/4.8.4/x86_64/ -fabi-version=2 -gcc-name=./gcc -gxx-name=./g++ -O3 -vec-report=5 -axCORE-AVX2 -opt-report=3 -opt-report-file=./report.rpt -I/tgac/software/testing/bin/core/../..//jemalloc/3.6.0/x86_64/include -I/tgac/software/testing/bin/core/../..//hpccore/5/x86_64/include  conftest.c >&5
configure:4164: $? = 0
configure:4164: result: yes
configure:4164: checking for inttypes.h
configure:4164: icc -c  -g -lirc -liomp5 -limf -lsvml -lpthread -cxxlib=/tgac/software/testing/gcc/4.8.4/x86_64/ -fabi-version=2 -gcc-name=./gcc -gxx-name=./g++ -O3 -vec-report=5 -axCORE-AVX2 -opt-report=3 -opt-report-file=./report.rpt -I/tgac/software/testing/bin/core/../..//jemalloc/3.6.0/x86_64/include -I/tgac/software/testing/bin/core/../..//hpccore/5/x86_64/include  conftest.c >&5
configure:4164: $? = 0
configure:4164: result: yes
configure:4164: checking for stdint.h
configure:4164: icc -c  -g -lirc -liomp5 -limf -lsvml -lpthread -cxxlib=/tgac/software/testing/gcc/4.8.4/x86_64/ -fabi-version=2 -gcc-name=./gcc -gxx-name=./g++ -O3 -vec-report=5 -axCORE-AVX2 -opt-report=3 -opt-report-file=./report.rpt -I/tgac/software/testing/bin/core/../..//jemalloc/3.6.0/x86_64/include -I/tgac/software/testing/bin/core/../..//hpccore/5/x86_64/include  conftest.c >&5
configure:4164: $? = 0
configure:4164: result: yes
configure:4164: checking for unistd.h
configure:4164: icc -c  -g -lirc -liomp5 -limf -lsvml -lpthread -cxxlib=/tgac/software/testing/gcc/4.8.4/x86_64/ -fabi-version=2 -gcc-name=./gcc -gxx-name=./g++ -O3 -vec-report=5 -axCORE-AVX2 -opt-report=3 -opt-report-file=./report.rpt -I/tgac/software/testing/bin/core/../..//jemalloc/3.6.0/x86_64/include -I/tgac/software/testing/bin/core/../..//hpccore/5/x86_64/include  conftest.c >&5
configure:4164: $? = 0
configure:4164: result: yes
configure:4180: checking limits.h usability
configure:4180: icc -c  -g -lirc -liomp5 -limf -lsvml -lpthread -cxxlib=/tgac/software/testing/gcc/4.8.4/x86_64/ -fabi-version=2 -gcc-name=./gcc -gxx-name=./g++ -O3 -vec-report=5 -axCORE-AVX2 -opt-report=3 -opt-report-file=./report.rpt -I/tgac/software/testing/bin/core/../..//jemalloc/3.6.0/x86_64/include -I/tgac/software/testing/bin/core/../..//hpccore/5/x86_64/include  conftest.c >&5
configure:4180: $? = 0
configure:4180: result: yes
configure:4180: checking limits.h presence
configure:4180: icc -E -I/tgac/software/testing/bin/core/../..//jemalloc/3.6.0/x86_64/include -I/tgac/software/testing/bin/core/../..//hpccore/5/x86_64/include  conftest.c
configure:4180: $? = 0
configure:4180: result: yes
configure:4180: checking for limits.h
configure:4180: result: yes
configure:4180: checking errno.h usability
configure:4180: icc -c  -g -lirc -liomp5 -limf -lsvml -lpthread -cxxlib=/tgac/software/testing/gcc/4.8.4/x86_64/ -fabi-version=2 -gcc-name=./gcc -gxx-name=./g++ -O3 -vec-report=5 -axCORE-AVX2 -opt-report=3 -opt-report-file=./report.rpt -I/tgac/software/testing/bin/core/../..//jemalloc/3.6.0/x86_64/include -I/tgac/software/testing/bin/core/../..//hpccore/5/x86_64/include  conftest.c >&5
configure:4180: $? = 0
configure:4180: result: yes
configure:4180: checking errno.h presence
configure:4180: icc -E -I/tgac/software/testing/bin/core/../..//jemalloc/3.6.0/x86_64/include -I/tgac/software/testing/bin/core/../..//hpccore/5/x86_64/include  conftest.c
configure:4180: $? = 0
configure:4180: result: yes
configure:4180: checking for errno.h
configure:4180: result: yes
configure:4180: checking math.h usability
configure:4180: icc -c  -g -lirc -liomp5 -limf -lsvml -lpthread -cxxlib=/tgac/software/testing/gcc/4.8.4/x86_64/ -fabi-version=2 -gcc-name=./gcc -gxx-name=./g++ -O3 -vec-report=5 -axCORE-AVX2 -opt-report=3 -opt-report-file=./report.rpt -I/tgac/software/testing/bin/core/../..//jemalloc/3.6.0/x86_64/include -I/tgac/software/testing/bin/core/../..//hpccore/5/x86_64/include  conftest.c >&5
configure:4180: $? = 0
configure:4180: result: yes
configure:4180: checking math.h presence
configure:4180: icc -E -I/tgac/software/testing/bin/core/../..//jemalloc/3.6.0/x86_64/include -I/tgac/software/testing/bin/core/../..//hpccore/5/x86_64/include  conftest.c
configure:4180: $? = 0
configure:4180: result: yes
configure:4180: checking for math.h
configure:4180: result: yes
configure:4180: checking for strings.h
configure:4180: result: yes
configure:4180: checking ctype.h usability
configure:4180: icc -c  -g -lirc -liomp5 -limf -lsvml -lpthread -cxxlib=/tgac/software/testing/gcc/4.8.4/x86_64/ -fabi-version=2 -gcc-name=./gcc -gxx-name=./g++ -O3 -vec-report=5 -axCORE-AVX2 -opt-report=3 -opt-report-file=./report.rpt -I/tgac/software/testing/bin/core/../..//jemalloc/3.6.0/x86_64/include -I/tgac/software/testing/bin/core/../..//hpccore/5/x86_64/include  conftest.c >&5
configure:4180: $? = 0
configure:4180: result: yes
configure:4180: checking ctype.h presence
configure:4180: icc -E -I/tgac/software/testing/bin/core/../..//jemalloc/3.6.0/x86_64/include -I/tgac/software/testing/bin/core/../..//hpccore/5/x86_64/include  conftest.c
configure:4180: $? = 0
configure:4180: result: yes
configure:4180: checking for ctype.h
configure:4180: result: yes
configure:4180: checking for sys/stat.h
configure:4180: result: yes
configure:4180: checking for sys/types.h
configure:4180: result: yes
configure:4180: checking time.h usability
configure:4180: icc -c  -g -lirc -liomp5 -limf -lsvml -lpthread -cxxlib=/tgac/software/testing/gcc/4.8.4/x86_64/ -fabi-version=2 -gcc-name=./gcc -gxx-name=./g++ -O3 -vec-report=5 -axCORE-AVX2 -opt-report=3 -opt-report-file=./report.rpt -I/tgac/software/testing/bin/core/../..//jemalloc/3.6.0/x86_64/include -I/tgac/software/testing/bin/core/../..//hpccore/5/x86_64/include  conftest.c >&5
configure:4180: $? = 0
configure:4180: result: yes
configure:4180: checking time.h presence
configure:4180: icc -E -I/tgac/software/testing/bin/core/../..//jemalloc/3.6.0/x86_64/include -I/tgac/software/testing/bin/core/../..//hpccore/5/x86_64/include  conftest.c
configure:4180: $? = 0
configure:4180: result: yes
configure:4180: checking for time.h
configure:4180: result: yes
configure:4180: checking for unistd.h
configure:4180: result: yes
configure:4196: checking build system type
configure:4210: result: x86_64-unknown-linux-gnu
configure:4230: checking host system type
configure:4243: result: x86_64-unknown-linux-gnu
configure:4313: checking for socklen_t
configure:4328: icc -c  -g -lirc -liomp5 -limf -lsvml -lpthread -cxxlib=/tgac/software/testing/gcc/4.8.4/x86_64/ -fabi-version=2 -gcc-name=./gcc -gxx-name=./g++ -O3 -vec-report=5 -axCORE-AVX2 -opt-report=3 -opt-report-file=./report.rpt -I/tgac/software/testing/bin/core/../..//jemalloc/3.6.0/x86_64/include -I/tgac/software/testing/bin/core/../..//hpccore/5/x86_64/include  conftest.c >&5
configure:4328: $? = 0
configure:4329: result: yes
configure:4383: checking for pkg-config
configure:4401: found /usr/bin/pkg-config
configure:4414: result: /usr/bin/pkg-config
configure:4827: checking that generated files are newer than configure
configure:4833: result: done
configure:4856: creating ./config.status

## ---------------------- ##
## Running config.status. ##
## ---------------------- ##

This file was extended by config.status, which was
generated by GNU Autoconf 2.69.  Invocation command line was

  CONFIG_FILES    = 
  CONFIG_HEADERS  = 
  CONFIG_LINKS    = 
  CONFIG_COMMANDS = 
  $ ./config.status --quiet

on v0267

config.status:823: creating Makefile
config.status:823: creating doc/Makefile
config.status:823: creating doc/man/Makefile
config.status:823: creating doc/man/man1/Makefile
config.status:823: creating src/Makefile
config.status:823: creating src/general/Makefile
config.status:823: creating src/sequence/Makefile
config.status:823: creating src/database/Makefile
config.status:823: creating src/struct/Makefile
config.status:823: creating src/comparison/Makefile
config.status:823: creating src/c4/Makefile
config.status:823: creating src/bsdp/Makefile
config.status:823: creating src/sdp/Makefile
config.status:823: creating src/hub/Makefile
config.status:823: creating src/model/Makefile
config.status:823: creating src/program/Makefile
config.status:823: creating src/util/Makefile
config.status:823: creating test/Makefile
config.status:823: creating test/util/Makefile
config.status:823: creating test/ipcress/Makefile
config.status:823: creating test/exonerate/Makefile
config.status:823: creating test/data/Makefile
config.status:823: creating test/data/cdna/Makefile
config.status:823: creating test/data/protein/Makefile
config.status:995: executing depfiles commands

## ---------------- ##
## Cache variables. ##
## ---------------- ##

ac_cv_build=x86_64-unknown-linux-gnu
ac_cv_c_compiler_gnu=yes
ac_cv_c_const=yes
ac_cv_c_inline=inline
ac_cv_env_CC_set=set
ac_cv_env_CC_value=icc
ac_cv_env_CFLAGS_set=set
ac_cv_env_CFLAGS_value=' -g -lirc -liomp5 -limf -lsvml -lpthread -cxxlib=/tgac/software/testing/gcc/4.8.4/x86_64/ -fabi-version=2 -gcc-name=./gcc -gxx-name=./g++ -O3 -vec-report=5 -axCORE-AVX2 -opt-report=3 -opt-report-file=./report.rpt'
ac_cv_env_CPPFLAGS_set=set
ac_cv_env_CPPFLAGS_value='-I/tgac/software/testing/bin/core/../..//jemalloc/3.6.0/x86_64/include -I/tgac/software/testing/bin/core/../..//hpccore/5/x86_64/include '
ac_cv_env_CPP_set=set
ac_cv_env_CPP_value='icc -E'
ac_cv_env_LDFLAGS_set=set
ac_cv_env_LDFLAGS_value='-L/tgac/software/testing/bin/core/../..//jemalloc/3.6.0/x86_64/include -L/tgac/software/testing/bin/core/../..//hpccore/5/x86_64/include  -lirc -liomp5 -limf -lsvml -lpthread'
ac_cv_env_LIBS_set=
ac_cv_env_LIBS_value=
ac_cv_env_build_alias_set=
ac_cv_env_build_alias_value=
ac_cv_env_host_alias_set=
ac_cv_env_host_alias_value=
ac_cv_env_target_alias_set=
ac_cv_env_target_alias_value=
ac_cv_header_ctype_h=yes
ac_cv_header_errno_h=yes
ac_cv_header_inttypes_h=yes
ac_cv_header_limits_h=yes
ac_cv_header_math_h=yes
ac_cv_header_memory_h=yes
ac_cv_header_stdc=yes
ac_cv_header_stdint_h=yes
ac_cv_header_stdlib_h=yes
ac_cv_header_string_h=yes
ac_cv_header_strings_h=yes
ac_cv_header_sys_stat_h=yes
ac_cv_header_sys_types_h=yes
ac_cv_header_time_h=yes
ac_cv_header_unistd_h=yes
ac_cv_host=x86_64-unknown-linux-gnu
ac_cv_objext=o
ac_cv_path_EGREP='/bin/grep -E'
ac_cv_path_GREP=/bin/grep
ac_cv_path_PKG_CONFIG=/usr/bin/pkg-config
ac_cv_path_install='/usr/bin/install -c'
ac_cv_path_mkdir=/bin/mkdir
ac_cv_prog_AWK=gawk
ac_cv_prog_CPP='icc -E'
ac_cv_prog_ac_ct_CC=icc
ac_cv_prog_cc_c89=
ac_cv_prog_cc_g=yes
ac_cv_prog_make_make_set=yes
am_cv_CC_dependencies_compiler_type=gcc3
am_cv_make_support_nested_variables=yes

## ----------------- ##
## Output variables. ##
## ----------------- ##

ACLOCAL='aclocal-1.13'
AMDEPBACKSLASH='\'
AMDEP_FALSE='#'
AMDEP_TRUE=''
AMTAR='$${TAR-tar}'
AM_BACKSLASH='\'
AM_DEFAULT_V='$(AM_DEFAULT_VERBOSITY)'
AM_DEFAULT_VERBOSITY='1'
AM_V='$(V)'
AUTOCONF='autoconf'
AUTOHEADER='autoheader'
AUTOMAKE='automake-1.13'
AWK='gawk'
CC='icc'
CCDEPMODE='depmode=gcc3'
CFLAGS=' -g -lirc -liomp5 -limf -lsvml -lpthread -cxxlib=/tgac/software/testing/gcc/4.8.4/x86_64/ -fabi-version=2 -gcc-name=./gcc -gxx-name=./g++ -O3 -vec-report=5 -axCORE-AVX2 -opt-report=3 -opt-report-file=./report.rpt -I/tgac/software/testing/libraries/glib/2.40.0/x86_64/include/glib-2.0 -I/tgac/software/testing/libraries/glib/2.40.0/x86_64/lib/glib-2.0/include   -DG_DISABLE_ASSERT -finline-functions -D_LARGEFILE_SOURCE -D_FILE_OFFSET_BITS=64 -DUSE_PTHREADS'
CPP='icc -E'
CPPFLAGS='-I/tgac/software/testing/bin/core/../..//jemalloc/3.6.0/x86_64/include -I/tgac/software/testing/bin/core/../..//hpccore/5/x86_64/include '
CYGPATH_W='echo'
DEFS='-DPACKAGE_NAME=\"\" -DPACKAGE_TARNAME=\"\" -DPACKAGE_VERSION=\"\" -DPACKAGE_STRING=\"\" -DPACKAGE_BUGREPORT=\"\" -DPACKAGE_URL=\"\" -DPACKAGE=\"exonerate\" -DVERSION=\"2.2.0\" -DSTDC_HEADERS=1 -DHAVE_SYS_TYPES_H=1 -DHAVE_SYS_STAT_H=1 -DHAVE_STDLIB_H=1 -DHAVE_STRING_H=1 -DHAVE_MEMORY_H=1 -DHAVE_STRINGS_H=1 -DHAVE_INTTYPES_H=1 -DHAVE_STDINT_H=1 -DHAVE_UNISTD_H=1 -DHAVE_LIMITS_H=1 -DHAVE_ERRNO_H=1 -DHAVE_MATH_H=1 -DHAVE_STRINGS_H=1 -DHAVE_CTYPE_H=1 -DHAVE_SYS_STAT_H=1 -DHAVE_SYS_TYPES_H=1 -DHAVE_TIME_H=1 -DHAVE_UNISTD_H=1'
DEPDIR='.deps'
ECHO_C=''
ECHO_N='-n'
ECHO_T=''
EGREP='/bin/grep -E'
EXEEXT=''
GLIB_CONFIG=''
GREP='/bin/grep'
INSTALL_DATA='${INSTALL} -m 644'
INSTALL_PROGRAM='${INSTALL}'
INSTALL_SCRIPT='${INSTALL}'
INSTALL_STRIP_PROGRAM='$(install_sh) -c -s'
LDFLAGS='-L/tgac/software/testing/bin/core/../..//jemalloc/3.6.0/x86_64/include -L/tgac/software/testing/bin/core/../..//hpccore/5/x86_64/include  -lirc -liomp5 -limf -lsvml -lpthread -lpthread'
LIBOBJS=''
LIBS=' -L/tgac/software/testing/libraries/glib/2.40.0/x86_64/lib -lglib-2.0  '
LTLIBOBJS=''
MAKEINFO='makeinfo'
MKDIR_P='/bin/mkdir -p'
OBJEXT='o'
PACKAGE='exonerate'
PACKAGE_BUGREPORT=''
PACKAGE_NAME=''
PACKAGE_STRING=''
PACKAGE_TARNAME=''
PACKAGE_URL=''
PACKAGE_VERSION=''
PATH_SEPARATOR=':'
PKG_CONFIG='/usr/bin/pkg-config'
SET_MAKE=''
SHELL='/bin/sh'
STRIP=''
VERSION='2.2.0'
ac_ct_CC='icc'
am__EXEEXT_FALSE=''
am__EXEEXT_TRUE='#'
am__fastdepCC_FALSE='#'
am__fastdepCC_TRUE=''
am__include='include'
am__isrc=''
am__leading_dot='.'
am__nodep='_no'
am__quote=''
am__tar='$${TAR-tar} chof - "$$tardir"'
am__untar='$${TAR-tar} xf -'
bindir='${exec_prefix}/bin'
build='x86_64-unknown-linux-gnu'
build_alias=''
build_cpu='x86_64'
build_os='linux-gnu'
build_vendor='unknown'
codegen_extra_ldadd='viterbi.o scheduler.o c4_model_archive.a'
codegen_extra_sources='c4_model_archive.h'
datadir='${datarootdir}'
datarootdir='${prefix}/share'
docdir='${datarootdir}/doc/${PACKAGE}'
dvidir='${docdir}'
exec_prefix='${prefix}'
glib_cflags='-I/tgac/software/testing/libraries/glib/2.40.0/x86_64/include/glib-2.0 -I/tgac/software/testing/libraries/glib/2.40.0/x86_64/lib/glib-2.0/include  '
glib_libs='-L/tgac/software/testing/libraries/glib/2.40.0/x86_64/lib -lglib-2.0  '
host='x86_64-unknown-linux-gnu'
host_alias=''
host_cpu='x86_64'
host_os='linux-gnu'
host_vendor='unknown'
htmldir='${docdir}'
includedir='${prefix}/include'
infodir='${datarootdir}/info'
install_sh='${SHELL} /tgac/software/testing/exonerate/2.2.0-parallel/src/exonerate-2.2.0/install-sh'
installed_util_list='                                               fastaclean fastaclip fastachecksum fastacomposition            fastadiff fastaexplode fastafetch fastahardmask                fastaindex fastalength fastanrdb fastaoverlap                  fastareformat fastaremove fastarevcomp fastasoftmask           fastasort fastasplit fastasubseq fastatranslate                fastavalidcds fasta2esd fastaannotatecdna esd2esi'
libdir='${exec_prefix}/lib'
libexecdir='${exec_prefix}/libexec'
localedir='${datarootdir}/locale'
localstatedir='${prefix}/var'
mandir='${datarootdir}/man'
mkdir_p='$(MKDIR_P)'
oldincludedir='/usr/include'
pdfdir='${docdir}'
prefix='/tgac/software/testing/exonerate/2.2.0-parallel/x86_64/intel/O3-vec-debug'
program_transform_name='s,x,x,'
psdir='${docdir}'
sbindir='${exec_prefix}/sbin'
sharedstatedir='${prefix}/com'
source_root_dir='/tgac/software/testing/exonerate/2.2.0-parallel/src/exonerate-2.2.0'
sysconfdir='${prefix}/etc'
target_alias=''
use_pthreads=''

## ----------- ##
## confdefs.h. ##
## ----------- ##

/* confdefs.h */
#define PACKAGE_NAME ""
#define PACKAGE_TARNAME ""
#define PACKAGE_VERSION ""
#define PACKAGE_STRING ""
#define PACKAGE_BUGREPORT ""
#define PACKAGE_URL ""
#define PACKAGE "exonerate"
#define VERSION "2.2.0"
#define STDC_HEADERS 1
#define HAVE_SYS_TYPES_H 1
#define HAVE_SYS_STAT_H 1
#define HAVE_STDLIB_H 1
#define HAVE_STRING_H 1
#define HAVE_MEMORY_H 1
#define HAVE_STRINGS_H 1
#define HAVE_INTTYPES_H 1
#define HAVE_STDINT_H 1
#define HAVE_UNISTD_H 1
#define HAVE_LIMITS_H 1
#define HAVE_ERRNO_H 1
#define HAVE_MATH_H 1
#define HAVE_STRINGS_H 1
#define HAVE_CTYPE_H 1
#define HAVE_SYS_STAT_H 1
#define HAVE_SYS_TYPES_H 1
#define HAVE_TIME_H 1
#define HAVE_UNISTD_H 1

configure: exit 0
